Arguments: 
  /Users/mac/.nvm/versions/node/v10.13.0/bin/node /usr/local/Cellar/yarn/1.21.1/libexec/bin/yarn.js add express mysql2 mysql sequalize body-parser

PATH: 
  /Users/mac/.rbenv/shims:/Users/mac/.rbenv/shims:/usr/local/opt/php@7.3/sbin:/usr/local/opt/php@7.3/bin:/Users/mac/.nvm/versions/node/v10.13.0/bin:/Users/mac/.pyenv/shims:/Users/mac/.rbenv/shims:/Applications/MongoDB.app/Contents/Resources/Vendor/mongodb/bin:~/.pyenv/shims:~/.rbenv/shims:/usr/local/bin:/usr/bin:/bin:/usr/sbin:/sbin:/Applications/Postgres.app/Contents/Versions/9.6/bin/

Yarn version: 
  1.21.1

Node version: 
  10.13.0

Platform: 
  darwin x64

Trace: 
  Error: https://registry.yarnpkg.com/sequalize: Not found
      at Request.params.callback [as _callback] (/usr/local/Cellar/yarn/1.21.1/libexec/lib/cli.js:66947:18)
      at Request.self.callback (/usr/local/Cellar/yarn/1.21.1/libexec/lib/cli.js:140665:22)
      at Request.emit (events.js:182:13)
      at Request.<anonymous> (/usr/local/Cellar/yarn/1.21.1/libexec/lib/cli.js:141637:10)
      at Request.emit (events.js:182:13)
      at IncomingMessage.<anonymous> (/usr/local/Cellar/yarn/1.21.1/libexec/lib/cli.js:141559:12)
      at Object.onceWrapper (events.js:273:13)
      at IncomingMessage.emit (events.js:187:15)
      at endReadableNT (_stream_readable.js:1094:12)
      at process._tickCallback (internal/process/next_tick.js:63:19)

npm manifest: 
  {
    "name": "jsonar",
    "version": "1.0.0",
    "main": "index.js",
    "repository": "https://github.com/toannguyen132/jsonar_task.git",
    "author": "Toan Nguyen <n.minhtoan@gmail.com>",
    "license": "MIT"
  }

yarn manifest: 
  No manifest

Lockfile: 
  No lockfile
